2024-09-29T11:51:18.537-03:00  WARN 14569 --- [acervo-digital] [  restartedMain] ConfigServletWebServerApplicationContext : Exception encountered during context initialization - cancelling refresh attempt: org.springframework.beans.factory.BeanCreationException: Error creating bean with name 'requestMappingHandlerMapping' defined in class path resource [org/springframework/boot/autoconfigure/web/servlet/WebMvcAutoConfiguration$EnableWebMvcConfiguration.class]: Ambiguous mapping. Cannot map 'userController' method
br.ueg.acervodigital.controller.impl.UserController#getById(Object)
to {GET [/api/v1/user/{id}]}: There is already 'itemController' bean method
br.ueg.acervodigital.controller.impl.ItemController#getById(Object) mapped.
2024-09-29T11:51:18.538-03:00  INFO 14569 --- [acervo-digital] [  restartedMain] j.LocalContainerEntityManagerFactoryBean : Closing JPA EntityManagerFactory for persistence unit 'default'
2024-09-29T11:51:18.542-03:00 DEBUG 14569 --- [acervo-digital] [  restartedMain] org.hibernate.SQL                        :
    alter table if exists item
       drop constraint if exists fk_user_id
Hibernate:
    alter table if exists item
       drop constraint if exists fk_user_id
2024-09-29T11:51:18.550-03:00 DEBUG 14569 --- [acervo-digital] [  restartedMain] org.hibernate.SQL                        :
    alter table if exists post
       drop constraint if exists fk_user_id
Hibernate:
    alter table if exists post
       drop constraint if exists fk_user_id
2024-09-29T11:51:18.552-03:00 DEBUG 14569 --- [acervo-digital] [  restartedMain] org.hibernate.SQL                        :
    drop table if exists item cascade
Hibernate:
    drop table if exists item cascade
2024-09-29T11:51:18.557-03:00 DEBUG 14569 --- [acervo-digital] [  restartedMain] org.hibernate.SQL                        :
    drop table if exists person cascade
Hibernate:
    drop table if exists person cascade
2024-09-29T11:51:18.560-03:00 DEBUG 14569 --- [acervo-digital] [  restartedMain] org.hibernate.SQL                        :
    drop table if exists post cascade
Hibernate:
    drop table if exists post cascade
2024-09-29T11:51:18.566-03:00 DEBUG 14569 --- [acervo-digital] [  restartedMain] org.hibernate.SQL                        :
    drop sequence if exists item_sequence_bd
Hibernate:
    drop sequence if exists item_sequence_bd
2024-09-29T11:51:18.568-03:00 DEBUG 14569 --- [acervo-digital] [  restartedMain] org.hibernate.SQL                        :
    drop sequence if exists post_sequence_bd
Hibernate:
    drop sequence if exists post_sequence_bd
2024-09-29T11:51:18.577-03:00 DEBUG 14569 --- [acervo-digital] [  restartedMain] org.hibernate.SQL                        :
    drop sequence if exists user_sequence_bd
Hibernate:
    drop sequence if exists user_sequence_bd
2024-09-29T11:51:18.585-03:00  INFO 14569 --- [acervo-digital] [  restartedMain] com.zaxxer.hikari.HikariDataSource       : HikariPool-1 - Shutdown initiated...
2024-09-29T11:51:18.598-03:00  INFO 14569 --- [acervo-digital] [  restartedMain] com.zaxxer.hikari.HikariDataSource       : HikariPool-1 - Shutdown completed.
2024-09-29T11:51:18.602-03:00  INFO 14569 --- [acervo-digital] [  restartedMain] o.apache.catalina.core.StandardService   : Stopping service [Tomcat]
2024-09-29T11:51:18.641-03:00  INFO 14569 --- [acervo-digital] [  restartedMain] .s.b.a.l.ConditionEvaluationReportLogger :

Error starting ApplicationContext. To display the condition evaluation report re-run your application with 'debug' enabled.
2024-09-29T11:51:18.678-03:00 ERROR 14569 --- [acervo-digital] [  restartedMain] o.s.boot.SpringApplication               : Application run failed

org.springframework.beans.factory.BeanCreationException: Error creating bean with name 'requestMappingHandlerMapping' defined in class path resource [org/springframework/boot/autoconfigure/web/servlet/WebMvcAutoConfiguration$EnableWebMvcConfiguration.class]: Ambiguous mapping. Cannot map 'userController' method
br.ueg.acervodigital.controller.impl.UserController#getById(Object)
to {GET [/api/v1/user/{id}]}: There is already 'itemController' bean method
br.ueg.acervodigital.controller.impl.ItemController#getById(Object) mapped.
	at org.springframework.beans.factory.support.AbstractAutowireCapableBeanFactory.initializeBean(AbstractAutowireCapableBeanFactory.java:1806) ~[spring-beans-6.1.12.jar:6.1.12]
	at org.springframework.beans.factory.support.AbstractAutowireCapableBeanFactory.doCreateBean(AbstractAutowireCapableBeanFactory.java:600) ~[spring-beans-6.1.12.jar:6.1.12]
	at org.springframework.beans.factory.support.AbstractAutowireCapableBeanFactory.createBean(AbstractAutowireCapableBeanFactory.java:522) ~[spring-beans-6.1.12.jar:6.1.12]
	at org.springframework.beans.factory.support.AbstractBeanFactory.lambda$doGetBean$0(AbstractBeanFactory.java:337) ~[spring-beans-6.1.12.jar:6.1.12]
	at org.springframework.beans.factory.support.DefaultSingletonBeanRegistry.getSingleton(DefaultSingletonBeanRegistry.java:234) ~[spring-beans-6.1.12.jar:6.1.12]
	at org.springframework.beans.factory.support.AbstractBeanFactory.doGetBean(AbstractBeanFactory.java:335) ~[spring-beans-6.1.12.jar:6.1.12]
	at org.springframework.beans.factory.support.AbstractBeanFactory.getBean(AbstractBeanFactory.java:200) ~[spring-beans-6.1.12.jar:6.1.12]
	at org.springframework.beans.factory.support.DefaultListableBeanFactory.preInstantiateSingletons(DefaultListableBeanFactory.java:975) ~[spring-beans-6.1.12.jar:6.1.12]
	at org.springframework.context.support.AbstractApplicationContext.finishBeanFactoryInitialization(AbstractApplicationContext.java:971) ~[spring-context-6.1.12.jar:6.1.12]
	at org.springframework.context.support.AbstractApplicationContext.refresh(AbstractApplicationContext.java:625) ~[spring-context-6.1.12.jar:6.1.12]
	at org.springframework.boot.web.servlet.context.ServletWebServerApplicationContext.refresh(ServletWebServerApplicationContext.java:146) ~[spring-boot-3.3.3.jar:3.3.3]
	at org.springframework.boot.SpringApplication.refresh(SpringApplication.java:754) ~[spring-boot-3.3.3.jar:3.3.3]
	at org.springframework.boot.SpringApplication.refreshContext(SpringApplication.java:456) ~[spring-boot-3.3.3.jar:3.3.3]
	at org.springframework.boot.SpringApplication.run(SpringApplication.java:335) ~[spring-boot-3.3.3.jar:3.3.3]
	at org.springframework.boot.SpringApplication.run(SpringApplication.java:1363) ~[spring-boot-3.3.3.jar:3.3.3]
	at org.springframework.boot.SpringApplication.run(SpringApplication.java:1352) ~[spring-boot-3.3.3.jar:3.3.3]
	at br.ueg.acervodigital.AcervoDigitalApplication.main(AcervoDigitalApplication.java:10) ~[classes/:na]
	at java.base/jdk.internal.reflect.DirectMethodHandleAccessor.invoke(DirectMethodHandleAccessor.java:103) ~[na:na]
	at java.base/java.lang.reflect.Method.invoke(Method.java:580) ~[na:na]
	at org.springframework.boot.devtools.restart.RestartLauncher.run(RestartLauncher.java:50) ~[spring-boot-devtools-3.3.3.jar:3.3.3]
Caused by: java.lang.IllegalStateException: Ambiguous mapping. Cannot map 'userController' method
br.ueg.acervodigital.controller.impl.UserController#getById(Object)
to {GET [/api/v1/user/{id}]}: There is already 'itemController' bean method
br.ueg.acervodigital.controller.impl.ItemController#getById(Object) mapped.
	at org.springframework.web.servlet.handler.AbstractHandlerMethodMapping$MappingRegistry.validateMethodMapping(AbstractHandlerMethodMapping.java:674) ~[spring-webmvc-6.1.12.jar:6.1.12]
	at org.springframework.web.servlet.handler.AbstractHandlerMethodMapping$MappingRegistry.register(AbstractHandlerMethodMapping.java:636) ~[spring-webmvc-6.1.12.jar:6.1.12]
	at org.springframework.web.servlet.handler.AbstractHandlerMethodMapping.registerHandlerMethod(AbstractHandlerMethodMapping.java:331) ~[spring-webmvc-6.1.12.jar:6.1.12]
	at org.springframework.web.servlet.mvc.method.annotation.RequestMappingHandlerMapping.registerHandlerMethod(RequestMappingHandlerMapping.java:508) ~[spring-webmvc-6.1.12.jar:6.1.12]
	at org.springframework.web.servlet.mvc.method.annotation.RequestMappingHandlerMapping.registerHandlerMethod(RequestMappingHandlerMapping.java:84) ~[spring-webmvc-6.1.12.jar:6.1.12]
	at org.springframework.web.servlet.handler.AbstractHandlerMethodMapping.lambda$detectHandlerMethods$2(AbstractHandlerMethodMapping.java:298) ~[spring-webmvc-6.1.12.jar:6.1.12]
	at java.base/java.util.LinkedHashMap.forEach(LinkedHashMap.java:986) ~[na:na]
	at org.springframework.web.servlet.handler.AbstractHandlerMethodMapping.detectHandlerMethods(AbstractHandlerMethodMapping.java:296) ~[spring-webmvc-6.1.12.jar:6.1.12]
	at org.springframework.web.servlet.handler.AbstractHandlerMethodMapping.processCandidateBean(AbstractHandlerMethodMapping.java:265) ~[spring-webmvc-6.1.12.jar:6.1.12]
	at org.springframework.web.servlet.handler.AbstractHandlerMethodMapping.initHandlerMethods(AbstractHandlerMethodMapping.java:224) ~[spring-webmvc-6.1.12.jar:6.1.12]
	at org.springframework.web.servlet.handler.AbstractHandlerMethodMapping.afterPropertiesSet(AbstractHandlerMethodMapping.java:212) ~[spring-webmvc-6.1.12.jar:6.1.12]
	at org.springframework.web.servlet.mvc.method.annotation.RequestMappingHandlerMapping.afterPropertiesSet(RequestMappingHandlerMapping.java:239) ~[spring-webmvc-6.1.12.jar:6.1.12]
	at org.springframework.beans.factory.support.AbstractAutowireCapableBeanFactory.invokeInitMethods(AbstractAutowireCapableBeanFactory.java:1853) ~[spring-beans-6.1.12.jar:6.1.12]
	at org.springframework.beans.factory.support.AbstractAutowireCapableBeanFactory.initializeBean(AbstractAutowireCapableBeanFactory.java:1802) ~[spring-beans-6.1.12.jar:6.1.12]
	... 19 common frames omitted


Process finished with exit code 0